<?xml version="1.0" encoding="UTF-8"?>
<!-- Generated by org.testng.reporters.JUnitReportReporter -->
<testsuite hostname="LXW-PC" name="com.li.advisor.DynamicAdvisorTest" tests="1" failures="0" timestamp="13 Dec 2017 03:34:29 GMT" time="0.418" errors="0">
  <testcase name="dynamic" time="0.418" classname="com.li.advisor.DynamicAdvisorTest"/>
</testsuite> <!-- com.li.advisor.DynamicAdvisorTest -->
