<?xml version="1.0" encoding="UTF-8"?>
<!-- Generated by org.testng.reporters.JUnitReportReporter -->
<testsuite hostname="LXW-PC" name="com.li.advisor.IntroduceAdvisorTest" tests="1" failures="0" timestamp="13 Dec 2017 04:33:50 GMT" time="0.531" errors="0">
  <testcase name="introduce" time="0.531" classname="com.li.advisor.IntroduceAdvisorTest"/>
</testsuite> <!-- com.li.advisor.IntroduceAdvisorTest -->
