<?xml version="1.0" encoding="UTF-8"?>
<!-- Generated by org.testng.reporters.JUnitReportReporter -->
<testsuite hostname="LXW-PC" name="com.li.advice.BeforeAdviceTest" tests="1" failures="0" timestamp="12 Dec 2017 13:22:52 GMT" time="0.132" errors="0">
  <testcase name="beforeJDK" time="0.132" classname="com.li.advice.BeforeAdviceTest"/>
</testsuite> <!-- com.li.advice.BeforeAdviceTest -->
