<?xml version="1.0" encoding="UTF-8"?>
<!-- Generated by org.testng.reporters.JUnitReportReporter -->
<testsuite hostname="LXW-PC" name="com.li.advice.ThrowAdviceTest" tests="1" failures="0" timestamp="12 Dec 2017 15:07:44 GMT" time="0.440" errors="0">
  <testcase name="throwAdvice" time="0.440" classname="com.li.advice.ThrowAdviceTest"/>
</testsuite> <!-- com.li.advice.ThrowAdviceTest -->
