<?xml version="1.0" encoding="UTF-8"?>
<!-- Generated by org.testng.reporters.JUnitReportReporter -->
<testsuite hostname="LXW-PC" name="com.li.introduce.IntroduceTest" tests="1" failures="0" timestamp="12 Dec 2017 15:34:03 GMT" time="0.499" errors="0">
  <testcase name="introduce" time="0.499" classname="com.li.introduce.IntroduceTest"/>
</testsuite> <!-- com.li.introduce.IntroduceTest -->
