<?xml version="1.0" encoding="UTF-8"?>
<!-- Generated by org.testng.reporters.JUnitReportReporter -->
<testsuite hostname="LXW-PC" name="com.li.advice.AdviceTest" tests="1" failures="0" timestamp="12 Dec 2017 14:56:53 GMT" time="0.299" errors="0">
  <testcase name="adviceAround" time="0.299" classname="com.li.advice.AdviceTest"/>
</testsuite> <!-- com.li.advice.AdviceTest -->
