<?xml version="1.0" encoding="UTF-8"?>
<!-- Generated by org.testng.reporters.JUnitReportReporter -->
<testsuite hostname="LXW-PC" name="com.li.proxy.ForumServiceTest" tests="1" failures="0" timestamp="13 Dec 2017 09:03:54 GMT" time="0.074" errors="0">
  <testcase name="testJdkProxy" time="0.074" classname="com.li.proxy.ForumServiceTest"/>
</testsuite> <!-- com.li.proxy.ForumServiceTest -->
