<?xml version="1.0" encoding="UTF-8"?>
<!-- Generated by org.testng.reporters.JUnitReportReporter -->
<testsuite hostname="LXW-PC" name="com.li.advisor.StaticMethodAdvisorTest" tests="1" failures="0" timestamp="13 Dec 2017 03:00:23 GMT" time="0.581" errors="0">
  <testcase name="staticMethod" time="0.581" classname="com.li.advisor.StaticMethodAdvisorTest"/>
</testsuite> <!-- com.li.advisor.StaticMethodAdvisorTest -->
