<?xml version="1.0" encoding="UTF-8"?>
<!-- Generated by org.testng.reporters.JUnitReportReporter -->
<testsuite hostname="LXW-PC" name="com.li.advisor.ComposableAdvisorTest" tests="1" failures="0" timestamp="13 Dec 2017 04:26:34 GMT" time="0.432" errors="0">
  <testcase name="composable" time="0.432" classname="com.li.advisor.ComposableAdvisorTest"/>
</testsuite> <!-- com.li.advisor.ComposableAdvisorTest -->
