<?xml version="1.0" encoding="UTF-8"?>
<!-- Generated by org.testng.reporters.JUnitReportReporter -->
<testsuite hostname="LXW-PC" name="com.li.advisor.RegexpAdvisorTest" tests="1" failures="0" timestamp="13 Dec 2017 03:12:52 GMT" time="0.428" errors="0">
  <testcase name="regexp" time="0.428" classname="com.li.advisor.RegexpAdvisorTest"/>
</testsuite> <!-- com.li.advisor.RegexpAdvisorTest -->
