<?xml version="1.0" encoding="UTF-8"?>
<!-- Generated by org.testng.reporters.JUnitReportReporter -->
<testsuite hostname="LXW-PC" name="com.li.autoproxy.BeanNameAutoProxyCreatorTest" tests="1" failures="0" timestamp="13 Dec 2017 05:11:33 GMT" time="0.480" errors="0">
  <testcase name="autoProxy" time="0.480" classname="com.li.autoproxy.BeanNameAutoProxyCreatorTest"/>
</testsuite> <!-- com.li.autoproxy.BeanNameAutoProxyCreatorTest -->
