<?xml version="1.0" encoding="UTF-8"?>
<!-- Generated by org.testng.reporters.JUnitReportReporter -->
<testsuite hostname="LXW-PC" name="com.li.advisor.ControlFlowAdvisorTest" tests="1" failures="0" timestamp="13 Dec 2017 04:12:37 GMT" time="0.431" errors="0">
  <testcase name="control" time="0.431" classname="com.li.advisor.ControlFlowAdvisorTest"/>
</testsuite> <!-- com.li.advisor.ControlFlowAdvisorTest -->
